<?xml version="1.0" encoding="UTF-8"?>
<testsuite xmlns:xsi="http://www.w3.org/2001/XMLSchema-instance" xsi:noNamespaceSchemaLocation="https://maven.apache.org/surefire/maven-surefire-plugin/xsd/surefire-test-report-3.0.xsd" version="3.0" name="com.santaellamorenofrancisco.FoodRecipes.FoodRecipesApplicationTests" time="4.274" tests="1" errors="0" skipped="0" failures="0">
  <properties>
[...]
</properties>
  <testcase name="contextLoads" classname="com.santaellamorenofrancisco.FoodRecipes.FoodRecipesApplicationTests" time="0.291">
    <system-out><![CDATA[12:44:22.288 [main] INFO org.springframework.test.context.support.AnnotationConfigContextLoaderUtils -- Could not detect default configuration classes for test class [com.santaellamorenofrancisco.FoodRecipes.FoodRecipesApplicationTests]: FoodRecipesApplicationTests does not declare any static, non-private, non-final, nested classes annotated with @Configuration.
12:44:22.361 [main] INFO org.springframework.boot.test.context.SpringBootTestContextBootstrapper -- Found @SpringBootConfiguration com.santaellamorenofrancisco.FoodRecipes.FoodRecipesApplication for test class com.santaellamorenofrancisco.FoodRecipes.FoodRecipesApplicationTests
12:44:22.488 [main] INFO org.springframework.boot.devtools.restart.RestartApplicationListener -- Restart disabled due to context in which it is running
  .   ____          _            __ _ _
 /\\ / ___'_ __ _ _(_)_ __  __ _ \ \ \ \
( ( )\___ | '_ | '_| | '_ \/ _` | \ \ \ \
 \\/  ___)| |_)| | | | | || (_| |  ) ) ) )
  '  |____| .__|_| |_|_| |_\__, | / / / /
 =========|_|==============|___/=/_/_/_/

 :: Spring Boot ::                (v3.3.0)

2024-11-10T12:44:22.673+01:00  INFO 25080 --- [FoodRecipes] [           main] c.s.F.FoodRecipesApplicationTests        : Starting FoodRecipesApplicationTests using Java 21.0.4 with PID 25080 (started by María in C:\Users\María\Desktop\Programacion\FoodRecipes)
2024-11-10T12:44:22.674+01:00  INFO 25080 --- [FoodRecipes] [           main] c.s.F.FoodRecipesApplicationTests        : No active profile set, falling back to 1 default profile: "default"
2024-11-10T12:44:23.296+01:00  INFO 25080 --- [FoodRecipes] [           main] .s.d.r.c.RepositoryConfigurationDelegate : Bootstrapping Spring Data JPA repositories in DEFAULT mode.
2024-11-10T12:44:23.342+01:00  INFO 25080 --- [FoodRecipes] [           main] .s.d.r.c.RepositoryConfigurationDelegate : Finished Spring Data repository scanning in 40 ms. Found 5 JPA repository interfaces.
2024-11-10T12:44:23.677+01:00  INFO 25080 --- [FoodRecipes] [           main] o.hibernate.jpa.internal.util.LogHelper  : HHH000204: Processing PersistenceUnitInfo [name: default]
2024-11-10T12:44:23.737+01:00  INFO 25080 --- [FoodRecipes] [           main] org.hibernate.Version                    : HHH000412: Hibernate ORM core version 6.5.2.Final
2024-11-10T12:44:23.769+01:00  INFO 25080 --- [FoodRecipes] [           main] o.h.c.internal.RegionFactoryInitiator    : HHH000026: Second-level cache disabled
2024-11-10T12:44:24.051+01:00  INFO 25080 --- [FoodRecipes] [           main] o.s.o.j.p.SpringPersistenceUnitInfo      : No LoadTimeWeaver setup: ignoring JPA class transformer
2024-11-10T12:44:24.079+01:00  INFO 25080 --- [FoodRecipes] [           main] com.zaxxer.hikari.HikariDataSource       : HikariPool-1 - Starting...
2024-11-10T12:44:24.173+01:00  INFO 25080 --- [FoodRecipes] [           main] com.zaxxer.hikari.pool.HikariPool        : HikariPool-1 - Added connection org.mariadb.jdbc.Connection@756c67cd
2024-11-10T12:44:24.174+01:00  INFO 25080 --- [FoodRecipes] [           main] com.zaxxer.hikari.HikariDataSource       : HikariPool-1 - Start completed.
2024-11-10T12:44:24.196+01:00  WARN 25080 --- [FoodRecipes] [           main] org.hibernate.orm.deprecation            : HHH90000025: MariaDBDialect does not need to be specified explicitly using 'hibernate.dialect' (remove the property setting and it will be selected by default)
2024-11-10T12:44:24.832+01:00  INFO 25080 --- [FoodRecipes] [           main] o.h.e.t.j.p.i.JtaPlatformInitiator       : HHH000489: No JTA platform available (set 'hibernate.transaction.jta.platform' to enable JTA platform integration)
2024-11-10T12:44:24.911+01:00  INFO 25080 --- [FoodRecipes] [           main] j.LocalContainerEntityManagerFactoryBean : Initialized JPA EntityManagerFactory for persistence unit 'default'
2024-11-10T12:44:25.212+01:00  INFO 25080 --- [FoodRecipes] [           main] o.s.d.j.r.query.QueryEnhancerFactory     : Hibernate is in classpath; If applicable, HQL parser will be used.
2024-11-10T12:44:25.694+01:00  WARN 25080 --- [FoodRecipes] [           main] JpaBaseConfiguration$JpaWebConfiguration : spring.jpa.open-in-view is enabled by default. Therefore, database queries may be performed during view rendering. Explicitly configure spring.jpa.open-in-view to disable this warning
2024-11-10T12:44:26.115+01:00  INFO 25080 --- [FoodRecipes] [           main] c.s.F.FoodRecipesApplicationTests        : Started FoodRecipesApplicationTests in 3.638 seconds (process running for 4.334)
]]></system-out>
    <system-err><![CDATA[WARNING: A Java agent has been loaded dynamically (C:\Users\María\.m2\repository\net\bytebuddy\byte-buddy-agent\1.14.16\byte-buddy-agent-1.14.16.jar)
WARNING: If a serviceability tool is in use, please run with -XX:+EnableDynamicAgentLoading to hide this warning
WARNING: If a serviceability tool is not in use, please run with -Djdk.instrument.traceUsage for more information
WARNING: Dynamic loading of agents will be disallowed by default in a future release
]]></system-err>
  </testcase>
</testsuite>